Watching for file changes with StatReloader
Watching for file changes with StatReloader
[14/Apr/2022 04:40:13] "GET /cholist HTTP/1.1" 301 0
[14/Apr/2022 04:40:13] "GET /cholist/ HTTP/1.1" 200 5179
[14/Apr/2022 04:40:19] "GET /cholist/ HTTP/1.1" 200 5179
[14/Apr/2022 04:41:22] "GET /cholist/ HTTP/1.1" 200 5179
[14/Apr/2022 04:41:29] "GET /cholist/ HTTP/1.1" 200 5179
[14/Apr/2022 04:44:34] "GET /cholist/ HTTP/1.1" 200 5179
[14/Apr/2022 04:46:06] "GET / HTTP/1.1" 200 172
[14/Apr/2022 04:46:08] "GET / HTTP/1.1" 200 5402
[14/Apr/2022 04:46:08] "GET /static/rest_framework/js/ajax-form.js HTTP/1.1" 200 3597
[14/Apr/2022 04:46:08] "GET /static/rest_framework/css/prettify.css HTTP/1.1" 200 817
[14/Apr/2022 04:46:08] "GET /static/rest_framework/css/bootstrap.min.css HTTP/1.1" 200 121457
[14/Apr/2022 04:46:08] "GET /static/rest_framework/css/bootstrap-tweaks.css HTTP/1.1" 200 3385
[14/Apr/2022 04:46:08] "GET /static/rest_framework/css/default.css HTTP/1.1" 200 1152
[14/Apr/2022 04:46:09] "GET /static/rest_framework/js/jquery-3.5.1.min.js HTTP/1.1" 200 89476
[14/Apr/2022 04:46:09] "GET /static/rest_framework/js/csrf.js HTTP/1.1" 200 1719
[14/Apr/2022 04:46:09] "GET /static/rest_framework/js/bootstrap.min.js HTTP/1.1" 200 39680
[14/Apr/2022 04:46:09] "GET /static/rest_framework/js/prettify-min.js HTTP/1.1" 200 13632
[14/Apr/2022 04:46:09] "GET /static/rest_framework/js/default.js HTTP/1.1" 200 1268
[14/Apr/2022 04:46:09] "GET /static/rest_framework/img/grid.png HTTP/1.1" 200 1458
Not Found: /favicon.ico
[14/Apr/2022 04:46:09] "GET /favicon.ico HTTP/1.1" 404 6114
[14/Apr/2022 04:46:15] "GET / HTTP/1.1" 200 5402
[14/Apr/2022 04:46:15] "GET / HTTP/1.1" 200 5402
[14/Apr/2022 04:46:16] "GET / HTTP/1.1" 200 5402
[14/Apr/2022 04:46:16] "GET / HTTP/1.1" 200 5402
[14/Apr/2022 04:46:16] "GET / HTTP/1.1" 200 5402
Not Found: /List
[14/Apr/2022 04:46:21] "GET /List HTTP/1.1" 404 6093
[14/Apr/2022 04:46:29] "GET /quelist HTTP/1.1" 301 0
[14/Apr/2022 04:46:29] "GET /quelist/ HTTP/1.1" 200 7281
[14/Apr/2022 05:04:07] "GET /cholist HTTP/1.1" 301 0
[14/Apr/2022 05:04:07] "GET /cholist/ HTTP/1.1" 200 5179
[14/Apr/2022 05:04:46] "GET /cholist/ HTTP/1.1" 200 5179
[14/Apr/2022 05:04:51] "GET /cholist/ HTTP/1.1" 200 5179
[14/Apr/2022 05:04:57] "GET /cholist/ HTTP/1.1" 200 5179
[14/Apr/2022 05:06:12] "GET /cholist HTTP/1.1" 301 0
[14/Apr/2022 05:06:12] "GET /cholist/ HTTP/1.1" 200 5179
Not Found: /qyelist
[14/Apr/2022 05:07:06] "GET /qyelist HTTP/1.1" 404 6102
[14/Apr/2022 05:07:11] "GET /quelist/ HTTP/1.1" 200 7281
[14/Apr/2022 05:11:30] "GET /cholist HTTP/1.1" 301 0
[14/Apr/2022 05:11:30] "GET /cholist/ HTTP/1.1" 200 5179
[14/Apr/2022 05:11:54] "GET /cholist HTTP/1.1" 301 0
[14/Apr/2022 05:11:55] "GET /cholist/ HTTP/1.1" 200 5179
[14/Apr/2022 05:11:59] "GET /cholist/ HTTP/1.1" 200 5179
[14/Apr/2022 05:12:02] "GET /cholist/ HTTP/1.1" 200 5179
[14/Apr/2022 05:12:03] "GET /cholist/ HTTP/1.1" 200 5179
[14/Apr/2022 05:12:13] "GET /cholist/ HTTP/1.1" 200 5179
[14/Apr/2022 05:12:15] "GET /cholist/ HTTP/1.1" 200 5179
[14/Apr/2022 05:12:16] "GET /cholist/ HTTP/1.1" 200 5179
[14/Apr/2022 05:12:27] "GET /cholist/ HTTP/1.1" 200 5179
[14/Apr/2022 05:12:28] "GET /cholist/ HTTP/1.1" 200 5179
[14/Apr/2022 05:12:32] "GET /cholist/ HTTP/1.1" 200 5179
[14/Apr/2022 05:13:27] "GET /cholist/ HTTP/1.1" 200 5179
[14/Apr/2022 05:16:57] "GET /cholist/ HTTP/1.1" 200 5179
[14/Apr/2022 05:21:15] "GET /cholist/ HTTP/1.1" 200 5179
[14/Apr/2022 05:21:53] "GET /cholist/ HTTP/1.1" 200 5179
[14/Apr/2022 05:23:27] "GET /cholist/ HTTP/1.1" 200 5179
[14/Apr/2022 05:29:01] "GET /cholist/ HTTP/1.1" 200 5179
[14/Apr/2022 05:39:29] "GET /cholist/ HTTP/1.1" 200 5179
[14/Apr/2022 05:46:22] "GET /cholist/ HTTP/1.1" 200 5179
[14/Apr/2022 14:42:38] "GET / HTTP/1.1" 200 172
[14/Apr/2022 15:05:14] "GET /cholist/ HTTP/1.1" 200 5179
[14/Apr/2022 15:06:05] "GET /cholist HTTP/1.1" 301 0
[14/Apr/2022 15:06:06] "GET /cholist/ HTTP/1.1" 200 5179
[14/Apr/2022 15:10:35] "GET /cholist/ HTTP/1.1" 200 5179
[14/Apr/2022 15:11:02] "GET /cholist/ HTTP/1.1" 200 5179
[14/Apr/2022 15:12:52] "GET /cholist/ HTTP/1.1" 200 5179
[14/Apr/2022 15:14:56] "GET /cholist HTTP/1.1" 301 0
[14/Apr/2022 15:14:56] "GET /cholist/ HTTP/1.1" 200 5179
[15/Apr/2022 01:47:48] "GET /cholist/ HTTP/1.1" 200 5179
[15/Apr/2022 03:02:28] "GET /cholist HTTP/1.1" 301 0
[15/Apr/2022 03:02:28] "GET /cholist/ HTTP/1.1" 200 5179
[15/Apr/2022 03:12:45] "GET /cholist/ HTTP/1.1" 200 5179
[15/Apr/2022 03:14:09] "GET /cholist/ HTTP/1.1" 200 5179
[15/Apr/2022 03:20:36] "GET /cholist/ HTTP/1.1" 200 5179
[15/Apr/2022 03:21:47] "GET /cholist/ HTTP/1.1" 200 5179
[15/Apr/2022 03:21:59] "GET /cholist/ HTTP/1.1" 200 5179
[15/Apr/2022 03:22:43] "GET /cholist/ HTTP/1.1" 200 5179
[15/Apr/2022 03:23:50] "GET /cholist/ HTTP/1.1" 200 5179
[15/Apr/2022 05:19:35] "GET /cholist/ HTTP/1.1" 200 5179
[15/Apr/2022 05:43:55] "GET /cholist/ HTTP/1.1" 200 5179
Watching for file changes with StatReloader
[16/Apr/2022 06:27:58] "GET / HTTP/1.1" 200 5402
Not Found: /favicon.ico
[16/Apr/2022 06:27:58] "GET /favicon.ico HTTP/1.1" 404 6114
[16/Apr/2022 06:31:25] "GET /cholist/ HTTP/1.1" 200 5179
[16/Apr/2022 06:34:08] "GET / HTTP/1.1" 200 5402
[16/Apr/2022 06:47:15] "GET /cholist/ HTTP/1.1" 200 5179
[16/Apr/2022 06:48:25] "GET / HTTP/1.1" 200 5402
yarn run v1.22.17
error Couldn't find a package.json file in "/workspace/MBTI_API"
info Visit https://yarnpkg.com/en/docs/cli/run for documentation about this command.
[16/Apr/2022 06:55:17] "GET /cholist/ HTTP/1.1" 200 5179
[16/Apr/2022 06:55:21] "GET /cholist/ HTTP/1.1" 200 5179
[16/Apr/2022 06:55:27] "GET /cholist/ HTTP/1.1" 200 5179
[16/Apr/2022 06:58:16] "GET /cholist/ HTTP/1.1" 200 5179
[16/Apr/2022 10:33:46] "GET /cholist/ HTTP/1.1" 200 5179
[16/Apr/2022 10:35:01] "GET / HTTP/1.1" 200 5402
Not Found: /favicon.ico
[16/Apr/2022 10:35:01] "GET /favicon.ico HTTP/1.1" 404 6114
[16/Apr/2022 10:35:06] "GET /quelist/ HTTP/1.1" 200 7281
[16/Apr/2022 10:36:13] "GET / HTTP/1.1" 200 5402
Not Found: /query
[16/Apr/2022 10:36:19] "GET /query HTTP/1.1" 404 6096
Not Found: /queview
[16/Apr/2022 10:36:26] "GET /queview HTTP/1.1" 404 6102
Not Found: /queview<1>
[16/Apr/2022 10:36:34] "GET /queview%3C1%3E HTTP/1.1" 404 6127
[16/Apr/2022 10:36:42] "GET /queview/1 HTTP/1.1" 301 0
[16/Apr/2022 10:36:42] "GET /queview/1/ HTTP/1.1" 200 5348
[16/Apr/2022 14:57:14] "GET / HTTP/1.1" 200 172
[16/Apr/2022 15:41:39] "GET /cholist HTTP/1.1" 301 0
[16/Apr/2022 15:41:39] "GET /cholist/ HTTP/1.1" 200 5179
[16/Apr/2022 15:42:21] "GET /cholist/ HTTP/1.1" 200 5179
[16/Apr/2022 15:42:25] "GET /cholist/ HTTP/1.1" 200 5179
[16/Apr/2022 15:42:27] "GET /cholist/ HTTP/1.1" 200 5179
[16/Apr/2022 15:43:08] "GET /cholist/ HTTP/1.1" 200 5179
[16/Apr/2022 15:44:33] "GET /cholist/ HTTP/1.1" 200 5179
[17/Apr/2022 01:46:42] "GET /cholist HTTP/1.1" 301 0
[17/Apr/2022 01:46:43] "GET /cholist/ HTTP/1.1" 200 5179
[17/Apr/2022 01:47:25] "GET /cholist HTTP/1.1" 301 0
[17/Apr/2022 01:47:25] "GET /cholist/ HTTP/1.1" 200 5179
[17/Apr/2022 01:47:27] "GET /cholist/ HTTP/1.1" 200 5179
[17/Apr/2022 01:47:35] "GET /cholist/ HTTP/1.1" 200 5179
[17/Apr/2022 01:47:40] "GET /cholist HTTP/1.1" 301 0
[17/Apr/2022 01:47:40] "GET /cholist/ HTTP/1.1" 200 5179
[17/Apr/2022 01:47:42] "GET /cholist/ HTTP/1.1" 200 5179
[17/Apr/2022 01:47:50] "GET /cholist/ HTTP/1.1" 200 5179
[17/Apr/2022 02:47:33] "GET /cholist/ HTTP/1.1" 200 5179
[17/Apr/2022 03:37:36] "GET /cholist/ HTTP/1.1" 200 5179
[17/Apr/2022 06:15:37] "GET /cholist/ HTTP/1.1" 200 5179
[17/Apr/2022 06:26:57] "GET /cholist/ HTTP/1.1" 200 5179
[17/Apr/2022 06:58:10] "GET /cholist/ HTTP/1.1" 200 5179
[17/Apr/2022 21:28:58] "GET / HTTP/1.1" 200 172
[17/Apr/2022 21:28:58] "GET / HTTP/1.1" 200 172
[19/Apr/2022 01:25:29] "GET / HTTP/1.1" 200 172
[21/Apr/2022 16:48:46] "GET / HTTP/1.1" 200 172
[21/Apr/2022 23:03:26] "GET / HTTP/1.1" 200 172
[23/Apr/2022 04:33:29] "GET / HTTP/1.1" 200 172
[24/Apr/2022 12:39:49] "GET / HTTP/1.1" 200 172
[25/Apr/2022 15:40:34] "GET /cholist HTTP/1.1" 301 0
[25/Apr/2022 15:40:34] "GET /cholist/ HTTP/1.1" 200 5179
[26/Apr/2022 10:21:32] "GET /cholist HTTP/1.1" 301 0
[26/Apr/2022 10:21:32] "GET /cholist/ HTTP/1.1" 200 5179
[26/Apr/2022 10:22:12] "GET /cholist/ HTTP/1.1" 200 5179
[26/Apr/2022 10:24:00] "GET /cholist HTTP/1.1" 301 0
[26/Apr/2022 10:24:00] "GET /cholist/ HTTP/1.1" 200 5179
[26/Apr/2022 10:24:24] "GET /cholist/ HTTP/1.1" 200 5179
[26/Apr/2022 17:24:20] "GET / HTTP/1.1" 200 172
[27/Apr/2022 07:45:32] "GET /cholist HTTP/1.1" 301 0
[27/Apr/2022 07:45:32] "GET /cholist/ HTTP/1.1" 200 5179
[27/Apr/2022 07:45:54] "GET /cholist/ HTTP/1.1" 200 5179
[27/Apr/2022 09:25:12] "GET /cholist HTTP/1.1" 301 0
[27/Apr/2022 09:25:12] "GET /cholist/ HTTP/1.1" 200 5179
[27/Apr/2022 09:25:19] "GET /cholist/ HTTP/1.1" 200 5179
[27/Apr/2022 09:25:27] "GET / HTTP/1.1" 200 172
[27/Apr/2022 09:25:32] "GET /cholist/ HTTP/1.1" 200 5179
[27/Apr/2022 09:25:49] "GET /cholist/ HTTP/1.1" 200 5179
[27/Apr/2022 09:31:56] "GET /cholist HTTP/1.1" 301 0
[27/Apr/2022 09:31:56] "GET /cholist/ HTTP/1.1" 200 5179
[27/Apr/2022 09:32:17] "GET /cholist/ HTTP/1.1" 200 5179
